0 info it worked if it ends with ok
1 verbose cli [ 'C:\\Program Files\\nodejs\\node.exe',
1 verbose cli   'C:\\Users\\Gopal\\AppData\\Roaming\\npm\\node_modules\\npm\\bin\\npm-cli.js',
1 verbose cli   'run',
1 verbose cli   'test:local' ]
2 info using npm@4.1.1
3 info using node@v6.9.2
4 verbose run-script [ 'pretest:local', 'test:local', 'posttest:local' ]
5 info lifecycle lion_app_pageobjects@1.0.0~pretest:local: lion_app_pageobjects@1.0.0
6 verbose lifecycle lion_app_pageobjects@1.0.0~pretest:local: unsafe-perm in lifecycle true
7 verbose lifecycle lion_app_pageobjects@1.0.0~pretest:local: PATH: C:\Users\Gopal\AppData\Roaming\npm\node_modules\npm\bin\node-gyp-bin;D:\ProtractorTests\Lion_AppWithPageObjects\node_modules\.bin;C:\Program Files (x86)\ActiveState Komodo IDE 10\;C:\Windows\system32;C:\Windows;C:\Windows\System32\Wbem;C:\Windows\System32\WindowsPowerShell\v1.0\;C:\Program Files\MySQL\MySQL Server 5.5\bin;C:\bin\phantomjs\bin;C:\apache-maven-3.2.5\bin;C:\apache-ant-1.9.4\bin;%JAVA_HOME%\bin;C:\Program Files (x86)\Mozilla Firefox;C:\Program Files (x86)\GtkSharp\2.12\bin;C:\Program Files (x86)\Skype\Phone\;C:\Users\Gopal\AppData\Local\Android\sdk\tools;C:\Users\Gopal\AppData\Local\Android\sdk\platform-tools;C:\Program Files (x86)\Subversion\binC:\Users\Gopal\NewSenchaWorkspace\node.exeC:\Users\Gopal\NewSenchaWorkspace\stc;C:\Program Files\Java\jdk1.7.0_75\bin;C:\Program Files\Git\cmd;C:\Program Files\Microsoft SQL Server\Client SDK\ODBC\110\Tools\Binn\;C:\Program Files (x86)\Microsoft SQL Server\120\Tools\Binn\;C:\Program Files\Microsoft SQL Server\120\Tools\Binn\;C:\Program Files\Microsoft SQL Server\120\DTS\Binn\;C:\Program Files\nodejs\;C:\Program Files\Sencha\Test\2_0_0_309/stc;C:\Ruby23-x64\bic;C:\Users\Gopal\bin\Sencha\Cmd\6.1.3.42/..;C:\Users\Gopal\AppData\Roaming\npmC:\Users\Gopal\NewSenchaWorkspace\node.exeC:\Users\Gopal\NewSenchaWorkspace\stc;C:\Users\Gopal\bin\Sencha\Test\1_0_3_76\stc;C:\Program Files (x86)\Microsoft VS Code\bin;C:\Users\Gopal\AppData\Roaming\npm
8 verbose lifecycle lion_app_pageobjects@1.0.0~pretest:local: CWD: D:\ProtractorTests\Lion_AppWithPageObjects
9 silly lifecycle lion_app_pageobjects@1.0.0~pretest:local: Args: [ '/d /s /c', 'node data-init' ]
10 silly lifecycle lion_app_pageobjects@1.0.0~pretest:local: Returned: code: 0  signal: null
11 info lifecycle lion_app_pageobjects@1.0.0~test:local: lion_app_pageobjects@1.0.0
12 verbose lifecycle lion_app_pageobjects@1.0.0~test:local: unsafe-perm in lifecycle true
13 verbose lifecycle lion_app_pageobjects@1.0.0~test:local: PATH: C:\Users\Gopal\AppData\Roaming\npm\node_modules\npm\bin\node-gyp-bin;D:\ProtractorTests\Lion_AppWithPageObjects\node_modules\.bin;C:\Program Files (x86)\ActiveState Komodo IDE 10\;C:\Windows\system32;C:\Windows;C:\Windows\System32\Wbem;C:\Windows\System32\WindowsPowerShell\v1.0\;C:\Program Files\MySQL\MySQL Server 5.5\bin;C:\bin\phantomjs\bin;C:\apache-maven-3.2.5\bin;C:\apache-ant-1.9.4\bin;%JAVA_HOME%\bin;C:\Program Files (x86)\Mozilla Firefox;C:\Program Files (x86)\GtkSharp\2.12\bin;C:\Program Files (x86)\Skype\Phone\;C:\Users\Gopal\AppData\Local\Android\sdk\tools;C:\Users\Gopal\AppData\Local\Android\sdk\platform-tools;C:\Program Files (x86)\Subversion\binC:\Users\Gopal\NewSenchaWorkspace\node.exeC:\Users\Gopal\NewSenchaWorkspace\stc;C:\Program Files\Java\jdk1.7.0_75\bin;C:\Program Files\Git\cmd;C:\Program Files\Microsoft SQL Server\Client SDK\ODBC\110\Tools\Binn\;C:\Program Files (x86)\Microsoft SQL Server\120\Tools\Binn\;C:\Program Files\Microsoft SQL Server\120\Tools\Binn\;C:\Program Files\Microsoft SQL Server\120\DTS\Binn\;C:\Program Files\nodejs\;C:\Program Files\Sencha\Test\2_0_0_309/stc;C:\Ruby23-x64\bic;C:\Users\Gopal\bin\Sencha\Cmd\6.1.3.42/..;C:\Users\Gopal\AppData\Roaming\npmC:\Users\Gopal\NewSenchaWorkspace\node.exeC:\Users\Gopal\NewSenchaWorkspace\stc;C:\Users\Gopal\bin\Sencha\Test\1_0_3_76\stc;C:\Program Files (x86)\Microsoft VS Code\bin;C:\Users\Gopal\AppData\Roaming\npm
14 verbose lifecycle lion_app_pageobjects@1.0.0~test:local: CWD: D:\ProtractorTests\Lion_AppWithPageObjects
15 silly lifecycle lion_app_pageobjects@1.0.0~test:local: Args: [ '/d /s /c', 'protractor conf.local.js' ]
16 silly lifecycle lion_app_pageobjects@1.0.0~test:local: Returned: code: 1  signal: null
17 info lifecycle lion_app_pageobjects@1.0.0~test:local: Failed to exec test:local script
18 verbose stack Error: lion_app_pageobjects@1.0.0 test:local: `protractor conf.local.js`
18 verbose stack Exit status 1
18 verbose stack     at EventEmitter.<anonymous> (C:\Users\Gopal\AppData\Roaming\npm\node_modules\npm\lib\utils\lifecycle.js:279:16)
18 verbose stack     at emitTwo (events.js:106:13)
18 verbose stack     at EventEmitter.emit (events.js:191:7)
18 verbose stack     at ChildProcess.<anonymous> (C:\Users\Gopal\AppData\Roaming\npm\node_modules\npm\lib\utils\spawn.js:40:14)
18 verbose stack     at emitTwo (events.js:106:13)
18 verbose stack     at ChildProcess.emit (events.js:191:7)
18 verbose stack     at maybeClose (internal/child_process.js:877:16)
18 verbose stack     at Process.ChildProcess._handle.onexit (internal/child_process.js:226:5)
19 verbose pkgid lion_app_pageobjects@1.0.0
20 verbose cwd D:\ProtractorTests\Lion_AppWithPageObjects
21 error Windows_NT 6.1.7601
22 error argv "C:\\Program Files\\nodejs\\node.exe" "C:\\Users\\Gopal\\AppData\\Roaming\\npm\\node_modules\\npm\\bin\\npm-cli.js" "run" "test:local"
23 error node v6.9.2
24 error npm  v4.1.1
25 error code ELIFECYCLE
26 error lion_app_pageobjects@1.0.0 test:local: `protractor conf.local.js`
26 error Exit status 1
27 error Failed at the lion_app_pageobjects@1.0.0 test:local script 'protractor conf.local.js'.
27 error Make sure you have the latest version of node.js and npm installed.
27 error If you do, this is most likely a problem with the lion_app_pageobjects package,
27 error not with npm itself.
27 error Tell the author that this fails on your system:
27 error     protractor conf.local.js
27 error You can get information on how to open an issue for this project with:
27 error     npm bugs lion_app_pageobjects
27 error Or if that isn't available, you can get their info via:
27 error     npm owner ls lion_app_pageobjects
27 error There is likely additional logging output above.
28 verbose exit [ 1, true ]
